Arguments: 
  /home/sunny/.nvm/versions/node/v16.13.2/bin/node /home/sunny/.nvm/versions/node/v16.13.2/bin/yarn

PATH: 
  /home/sunny/.pyenv/shims:/home/sunny/.pyenv/bin:/home/sunny/.nvm/versions/node/v16.13.2/bin:/home/sunny/bin:/usr/local/bin:/home/sunny/.cargo/bin:/usr/local/sbin:/usr/local/bin:/usr/sbin:/usr/bin:/sbin:/bin:/usr/games:/usr/local/games:/snap/bin:/usr/jdk/jdk-16.0.2/bin:/home/sunny/Documents/apache-maven-3.8.1/bin

Yarn version: 
  1.22.19

Node version: 
  16.13.2

Platform: 
  linux x64

Trace: 
  Error: https://registry.yarnpkg.com/@jptr%2fjscore: Not found
      at Request.params.callback [as _callback] (/home/sunny/.nvm/versions/node/v16.13.2/lib/node_modules/yarn/lib/cli.js:66145:18)
      at Request.self.callback (/home/sunny/.nvm/versions/node/v16.13.2/lib/node_modules/yarn/lib/cli.js:140890:22)
      at Request.emit (node:events:390:28)
      at Request.<anonymous> (/home/sunny/.nvm/versions/node/v16.13.2/lib/node_modules/yarn/lib/cli.js:141862:10)
      at Request.emit (node:events:390:28)
      at IncomingMessage.<anonymous> (/home/sunny/.nvm/versions/node/v16.13.2/lib/node_modules/yarn/lib/cli.js:141784:12)
      at Object.onceWrapper (node:events:509:28)
      at IncomingMessage.emit (node:events:402:35)
      at endReadableNT (node:internal/streams/readable:1343:12)
      at processTicksAndRejections (node:internal/process/task_queues:83:21)

npm manifest: 
  {
    "name": "@jptr/io",
    "private": true,
    "version": "1.0.0",
    "type": "module",
    "engines": {
      "node": ">= 16.13 <17"
    },
    "devDependencies": {
      "@jptr/jscore": "1.0.0",
      "@types/jest": "~29.1",
      "@types/node": "~16",
      "@typescript-eslint/eslint-plugin": "~5.39",
      "@typescript-eslint/parser": "~5.39",
      "eslint": "~8.24",
      "eslint-config-prettier": "~8.5",
      "eslint-plugin-jest": "~27.1",
      "jest": "~29.1",
      "prettier": "~2.7",
      "rimraf": "~3.0",
      "ts-jest": "~29.0",
      "tsutils": "~3.21",
      "typescript": "~4.8"
    },
    "scripts": {
      "start": "node build/src/main.js",
      "clean": "rimraf coverage build tmp",
      "prebuild": "npm run lint",
      "build": "tsc -p tsconfig.json",
      "build:watch": "tsc -w -p tsconfig.json",
      "build:release": "npm run clean && tsc -p tsconfig.release.json",
      "lint": "eslint . --ext .ts --ext .mts",
      "test": "jest --coverage",
      "prettier": "prettier --config .prettierrc --write .",
      "test:watch": "jest --watch"
    },
    "author": "Jakub Synowiec <jsynowiec@users.noreply.github.com>",
    "license": "Apache-2.0",
    "dependencies": {
      "tslib": "~2.4"
    },
    "volta": {
      "node": "16.17.0"
    }
  }

yarn manifest: 
  No manifest

Lockfile: 
  No lockfile
